<?xml version="1.0" encoding="UTF-8"?>
<!-- Generated by org.testng.reporters.JUnitReportReporter -->
<testsuite hostname="DESKTOP-BMORMJD" name="com.crm.vtiger.Tests.TC_07_CreatePurOrderWithItemAddService" tests="1" failures="0" timestamp="3 May 2021 04:46:54 GMT" time="24.400" errors="0">
  <testcase name="createPurOrderWithItemAddser" time="24.400" classname="com.crm.vtiger.Tests.TC_07_CreatePurOrderWithItemAddService"/>
</testsuite> <!-- com.crm.vtiger.Tests.TC_07_CreatePurOrderWithItemAddService -->
