<?xml version="1.0" encoding="UTF-8"?>
<!-- Generated by org.testng.reporters.JUnitReportReporter -->
<testsuite hostname="DESKTOP-BMORMJD" name="com.crm.purTest.TC_08_CreatePurOrderWithItemSer_Test" tests="1" failures="0" timestamp="5 May 2021 19:22:22 GMT" time="20.811" errors="0">
  <testcase name="createPurOrderWithItemser" time="20.811" classname="com.crm.purTest.TC_08_CreatePurOrderWithItemSer_Test"/>
</testsuite> <!-- com.crm.purTest.TC_08_CreatePurOrderWithItemSer_Test -->
