<?xml version="1.0" encoding="UTF-8"?>
<!-- Generated by org.testng.reporters.JUnitReportReporter -->
<testsuite hostname="DESKTOP-BMORMJD" name="com.crm.orgTest.CreateOrganizationTest" tests="2" failures="0" timestamp="4 May 2021 11:01:07 GMT" time="34.714" errors="0">
  <testcase name="createOrganization" time="18.232" classname="com.crm.orgTest.CreateOrganizationTest"/>
  <testcase name="createOrgWithInd" time="16.482" classname="com.crm.orgTest.CreateOrganizationTest"/>
</testsuite> <!-- com.crm.orgTest.CreateOrganizationTest -->
