<?xml version="1.0" encoding="UTF-8"?>
<!-- Generated by org.testng.reporters.JUnitReportReporter -->
<testsuite hostname="DESKTOP-BMORMJD" name="com.crm.vtiger.Tests.TC_08_CreatePurOrderWithItemAddService" tests="1" failures="0" timestamp="5 May 2021 10:41:10 GMT" time="30.223" errors="0">
  <testcase name="createPurOrderWithItemAddser" time="30.223" classname="com.crm.vtiger.Tests.TC_08_CreatePurOrderWithItemAddService"/>
</testsuite> <!-- com.crm.vtiger.Tests.TC_08_CreatePurOrderWithItemAddService -->
