<?xml version="1.0" encoding="UTF-8"?>
<!-- Generated by org.testng.reporters.JUnitReportReporter -->
<testsuite hostname="DESKTOP-BMORMJD" name="com.crm.vtiger.Tests.TC_10_CreatePurOrderWithItemAndClickOnUpwardSymbol" tests="1" failures="0" timestamp="3 May 2021 04:55:35 GMT" time="16.452" errors="0">
  <testcase name="createPurOrderWithItemDel" time="16.452" classname="com.crm.vtiger.Tests.TC_10_CreatePurOrderWithItemAndClickOnUpwardSymbol"/>
</testsuite> <!-- com.crm.vtiger.Tests.TC_10_CreatePurOrderWithItemAndClickOnUpwardSymbol -->
