<?xml version="1.0" encoding="UTF-8"?>
<!-- Generated by org.testng.reporters.JUnitReportReporter -->
<testsuite hostname="DESKTOP-BMORMJD" name="com.crm.vtiger.Tests.TC_06_CreatePurOrderWithItemAdd_Test" tests="1" failures="0" timestamp="5 May 2021 17:20:49 GMT" time="26.997" errors="0">
  <testcase name="createPurOrderWithItemAdd" time="26.997" classname="com.crm.vtiger.Tests.TC_06_CreatePurOrderWithItemAdd_Test"/>
</testsuite> <!-- com.crm.vtiger.Tests.TC_06_CreatePurOrderWithItemAdd_Test -->
