<?xml version="1.0" encoding="UTF-8"?>
<!-- Generated by org.testng.reporters.JUnitReportReporter -->
<testsuite hostname="DESKTOP-BMORMJD" name="com.comcast.crm.contactTest.CreateContactTest" tests="2" failures="0" timestamp="4 May 2021 06:37:03 GMT" time="31.232" errors="0">
  <testcase name="createContactWithOrg" time="16.498" classname="com.comcast.crm.contactTest.CreateContactTest"/>
  <testcase name="createContact" time="14.734" classname="com.comcast.crm.contactTest.CreateContactTest"/>
</testsuite> <!-- com.comcast.crm.contactTest.CreateContactTest -->
