<?xml version="1.0" encoding="UTF-8"?>
<!-- Generated by org.testng.reporters.JUnitReportReporter -->
<testsuite hostname="DESKTOP-BMORMJD" name="Lorem_Notitia.Lorem_Notitia.CaptureDynamicWebTableTest" tests="1" failures="0" timestamp="27 Apr 2021 10:14:19 GMT" time="17.090" errors="0">
  <testcase name="captureOrgNameDel" time="17.090" classname="Lorem_Notitia.Lorem_Notitia.CaptureDynamicWebTableTest"/>
</testsuite> <!-- Lorem_Notitia.Lorem_Notitia.CaptureDynamicWebTableTest -->
