<?xml version="1.0" encoding="UTF-8"?>
<!-- Generated by org.testng.reporters.JUnitReportReporter -->
<testsuite hostname="DESKTOP-BMORMJD" name="com.crm.contactTest.CreateContactTest" tests="2" failures="0" timestamp="4 May 2021 10:35:02 GMT" time="40.489" errors="0">
  <testcase name="createContactWithOrg" time="18.840" classname="com.crm.contactTest.CreateContactTest"/>
  <testcase name="createContact" time="21.649" classname="com.crm.contactTest.CreateContactTest"/>
</testsuite> <!-- com.crm.contactTest.CreateContactTest -->
