<?xml version="1.0" encoding="UTF-8"?>
<!-- Generated by org.testng.reporters.JUnitReportReporter -->
<testsuite hostname="DESKTOP-BMORMJD" name="Lorem_Notitia.Lorem_Notitia.DatabaseUtils" tests="2" failures="0" timestamp="27 Apr 2021 05:22:42 GMT" time="0.960" errors="0">
  <testcase name="getExecuteValid" time="0.041" classname="Lorem_Notitia.Lorem_Notitia.DatabaseUtils"/>
  <testcase name="getExcuteDelete" time="0.919" classname="Lorem_Notitia.Lorem_Notitia.DatabaseUtils"/>
</testsuite> <!-- Lorem_Notitia.Lorem_Notitia.DatabaseUtils -->
