<?xml version="1.0" encoding="UTF-8"?>
<!-- Generated by org.testng.reporters.JUnitReportReporter -->
<testsuite hostname="DESKTOP-BMORMJD" name="com.crm.vtiger.Tests.DataDrivenTest" tests="2" failures="0" timestamp="30 Apr 2021 20:04:16 GMT" time="0.017" errors="0">
  <testcase name="test" time="0.016" classname="com.crm.vtiger.Tests.DataDrivenTest"/>
  <testcase name="test" time="0.001" classname="com.crm.vtiger.Tests.DataDrivenTest"/>
</testsuite> <!-- com.crm.vtiger.Tests.DataDrivenTest -->
