<?xml version="1.0" encoding="UTF-8"?>
<!-- Generated by org.testng.reporters.JUnitReportReporter -->
<testsuite hostname="DESKTOP-BMORMJD" name="Lorem_Notitia.Lorem_Notitia.CreateUserTest" tests="1" failures="0" timestamp="24 Apr 2021 16:16:45 GMT" time="0.016" errors="0">
  <testcase name="createUserTest" time="0.016" classname="Lorem_Notitia.Lorem_Notitia.CreateUserTest"/>
</testsuite> <!-- Lorem_Notitia.Lorem_Notitia.CreateUserTest -->
