<?xml version="1.0" encoding="UTF-8"?>
<!-- Generated by org.testng.reporters.JUnitReportReporter -->
<testsuite hostname="DESKTOP-BMORMJD" name="com.crm.purTest.TC_09_CreatePurOrderWithItemAndDelete_Test" tests="1" failures="0" timestamp="5 May 2021 19:38:13 GMT" time="18.596" errors="0">
  <testcase name="createPurOrderWithItemser" time="18.596" classname="com.crm.purTest.TC_09_CreatePurOrderWithItemAndDelete_Test"/>
</testsuite> <!-- com.crm.purTest.TC_09_CreatePurOrderWithItemAndDelete_Test -->
