<?xml version="1.0" encoding="UTF-8"?>
<!-- Generated by org.testng.reporters.JUnitReportReporter -->
<testsuite hostname="DESKTOP-BMORMJD" name="com.crm.vtiger.Tests.CreateContactWithOrg" tests="1" failures="0" timestamp="1 May 2021 19:38:32 GMT" time="13.706" errors="0">
  <testcase name="createContactWithOrg" time="13.706" classname="com.crm.vtiger.Tests.CreateContactWithOrg"/>
</testsuite> <!-- com.crm.vtiger.Tests.CreateContactWithOrg -->
