<?xml version="1.0" encoding="UTF-8"?>
<!-- Generated by org.testng.reporters.JUnitReportReporter -->
<testsuite hostname="DESKTOP-BMORMJD" name="Lorem_Notitia.Lorem_Notitia.ClickOnAllCheckBox" tests="1" failures="0" timestamp="27 Apr 2021 07:54:37 GMT" time="12.238" errors="0">
  <testcase name="clickOnAllcleckbox" time="12.238" classname="Lorem_Notitia.Lorem_Notitia.ClickOnAllCheckBox"/>
</testsuite> <!-- Lorem_Notitia.Lorem_Notitia.ClickOnAllCheckBox -->
