<?xml version="1.0" encoding="UTF-8"?>
<!-- Generated by org.testng.reporters.JUnitReportReporter -->
<testsuite hostname="DESKTOP-BMORMJD" name="Lorem_Notitia.Lorem_Notitia.CreateCustomerTest" tests="1" failures="0" timestamp="24 Apr 2021 16:09:31 GMT" time="0.000" errors="0">
  <testcase name="createCustomerTest" time="0.000" classname="Lorem_Notitia.Lorem_Notitia.CreateCustomerTest"/>
</testsuite> <!-- Lorem_Notitia.Lorem_Notitia.CreateCustomerTest -->
