<?xml version="1.0" encoding="UTF-8"?>
<!-- Generated by org.testng.reporters.JUnitReportReporter -->
<testsuite hostname="DESKTOP-BMORMJD" name="com.crm.purTest.TC_07_CreatePurOrderWithItemAddService_Test" tests="1" failures="0" timestamp="5 May 2021 19:09:16 GMT" time="24.682" errors="0">
  <testcase name="createPurOrderWithItemAddser" time="24.682" classname="com.crm.purTest.TC_07_CreatePurOrderWithItemAddService_Test"/>
</testsuite> <!-- com.crm.purTest.TC_07_CreatePurOrderWithItemAddService_Test -->
