<?xml version="1.0" encoding="UTF-8"?>
<!-- Generated by org.testng.reporters.JUnitReportReporter -->
<testsuite hostname="DESKTOP-BMORMJD" name="Lorem_Notitia.Lorem_Notitia.ReadDataFromProperty" tests="1" failures="0" timestamp="23 Apr 2021 09:04:37 GMT" time="0.015" errors="0">
  <testcase name="ReadData" time="0.015" classname="Lorem_Notitia.Lorem_Notitia.ReadDataFromProperty"/>
</testsuite> <!-- Lorem_Notitia.Lorem_Notitia.ReadDataFromProperty -->
