<?xml version="1.0" encoding="UTF-8"?>
<!-- Generated by org.testng.reporters.JUnitReportReporter -->
<testsuite hostname="DESKTOP-BMORMJD" name="Lorem_Notitia.Lorem_Notitia.LastCheckbox" tests="1" failures="0" timestamp="27 Apr 2021 07:59:37 GMT" time="11.342" errors="0">
  <testcase name="lastCheckBox" time="11.342" classname="Lorem_Notitia.Lorem_Notitia.LastCheckbox"/>
</testsuite> <!-- Lorem_Notitia.Lorem_Notitia.LastCheckbox -->
