<?xml version="1.0" encoding="UTF-8"?>
<!-- Generated by org.testng.reporters.JUnitReportReporter -->
<testsuite hostname="DESKTOP-BMORMJD" name="com.crm.vtiger.GenericUtils.BaseClass" tests="2" failures="0" timestamp="1 May 2021 07:03:23 GMT" time="0.015" errors="0">
  <testcase name="ModifyUser" time="0.001" classname="com.crm.vtiger.GenericUtils.BaseClass"/>
  <testcase name="CreateUser" time="0.014" classname="com.crm.vtiger.GenericUtils.BaseClass"/>
</testsuite> <!-- com.crm.vtiger.GenericUtils.BaseClass -->
