<?xml version="1.0" encoding="UTF-8"?>
<!-- Generated by org.testng.reporters.JUnitReportReporter -->
<testsuite hostname="DESKTOP-BMORMJD" name="com.crm.vtiger.Tests.TC_09_CreatePurOrderWithItemAndDelete" tests="1" failures="0" timestamp="3 May 2021 04:53:19 GMT" time="18.649" errors="0">
  <testcase name="createPurOrderWithItemDel" time="18.649" classname="com.crm.vtiger.Tests.TC_09_CreatePurOrderWithItemAndDelete"/>
</testsuite> <!-- com.crm.vtiger.Tests.TC_09_CreatePurOrderWithItemAndDelete -->
