<?xml version="1.0" encoding="UTF-8"?>
<!-- Generated by org.testng.reporters.JUnitReportReporter -->
<testsuite hostname="DESKTOP-BMORMJD" name="com.comcast.crm.orgTest.CreateOrganizationTest" tests="2" failures="0" timestamp="4 May 2021 08:10:14 GMT" time="57.872" errors="0">
  <testcase name="createOrgWithInd" time="29.344" classname="com.comcast.crm.orgTest.CreateOrganizationTest"/>
  <testcase name="createOrganization" time="28.528" classname="com.comcast.crm.orgTest.CreateOrganizationTest"/>
</testsuite> <!-- com.comcast.crm.orgTest.CreateOrganizationTest -->
